Building DAG of jobs...
Using shell: /bin/bash
Provided cores: 1 (use --cores to define parallelism)
Rules claiming more threads will be scaled down.
Conda environments: ignored
Job stats:
job                 count
----------------  -------
all                     1
download_clinvar        1
download_oncokb         1
train_model             1
total                   4

Select jobs to execute...

[Tue Aug 26 12:55:48 2025]
rule train_model:
    input: results/03_features/variant_features.csv
    output: results/04_models/pathogenicity_model.pkl
    jobid: 4
    reason: Missing output files: results/04_models/pathogenicity_model.pkl
    resources: tmpdir=/var/folders/50/nj2rry_50855w9hx83_4yd3h0000gn/T

[Tue Aug 26 12:56:24 2025]
Finished job 4.
1 of 4 steps (25%) done
Select jobs to execute...

[Tue Aug 26 12:56:24 2025]
rule download_clinvar:
    output: data/databases/clinvar/clinvar.vcf.gz
    jobid: 2
    reason: Missing output files: data/databases/clinvar/clinvar.vcf.gz
    resources: tmpdir=/var/folders/50/nj2rry_50855w9hx83_4yd3h0000gn/T

[Tue Aug 26 12:56:28 2025]
Finished job 2.
2 of 4 steps (50%) done
Select jobs to execute...

[Tue Aug 26 12:56:28 2025]
rule download_oncokb:
    output: data/databases/oncokb/actionableVariants.txt
    jobid: 3
    reason: Missing output files: data/databases/oncokb/actionableVariants.txt
    resources: tmpdir=/var/folders/50/nj2rry_50855w9hx83_4yd3h0000gn/T

[Tue Aug 26 12:56:28 2025]
Finished job 3.
3 of 4 steps (75%) done
Select jobs to execute...

[Tue Aug 26 12:56:28 2025]
localrule all:
    input: data/databases/cosmic/census.csv, data/databases/clinvar/clinvar.vcf.gz, data/databases/oncokb/actionableVariants.txt, results/04_models/pathogenicity_model.pkl
    jobid: 0
    reason: Input files updated by another job: data/databases/clinvar/clinvar.vcf.gz, results/04_models/pathogenicity_model.pkl, data/databases/oncokb/actionableVariants.txt
    resources: tmpdir=/var/folders/50/nj2rry_50855w9hx83_4yd3h0000gn/T

[Tue Aug 26 12:56:28 2025]
Finished job 0.
4 of 4 steps (100%) done
Complete log: .snakemake/log/2025-08-26T125547.878211.snakemake.log
