Building DAG of jobs...
Using shell: /bin/bash
Provided cores: 1 (use --cores to define parallelism)
Rules claiming more threads will be scaled down.
Job stats:
job                       count
----------------------  -------
download_cosmic_census        1
total                         1

Select jobs to execute...

[Tue Aug 26 12:09:17 2025]
rule download_cosmic_census:
    output: data/databases/cosmic/census.csv
    jobid: 0
    reason: Missing output files: data/databases/cosmic/census.csv
    resources: tmpdir=/var/folders/50/nj2rry_50855w9hx83_4yd3h0000gn/T

[Tue Aug 26 12:09:19 2025]
Finished job 0.
1 of 1 steps (100%) done
Complete log: .snakemake/log/2025-08-26T120917.607519.snakemake.log
