Building DAG of jobs...
Using shell: /bin/bash
Provided cores: 1 (use --cores to define parallelism)
Rules claiming more threads will be scaled down.
Job stats:
job                       count
----------------------  -------
download_cosmic_census        1
total                         1

Select jobs to execute...

[Tue Aug 26 11:59:58 2025]
rule download_cosmic_census:
    output: data/databases/cosmic/census.csv
    jobid: 0
    reason: Missing output files: data/databases/cosmic/census.csv
    resources: tmpdir=/var/folders/50/nj2rry_50855w9hx83_4yd3h0000gn/T

[Tue Aug 26 11:59:58 2025]
Error in rule download_cosmic_census:
    jobid: 0
    output: data/databases/cosmic/census.csv
    shell:
        
        mkdir -p $(dirname data/databases/cosmic/census.csv)
        wget -O data/databases/cosmic/census.csv https://cancer.sanger.ac.uk/cosmic/file_download/GRCh38/cosmic/v97/cancer_gene_census.csv
        
        (one of the commands exited with non-zero exit code; note that snakemake uses bash strict mode!)

Shutting down, this might take some time.
Exiting because a job execution failed. Look above for error message
Complete log: .snakemake/log/2025-08-26T115958.512811.snakemake.log
