Building DAG of jobs...
Using shell: /bin/bash
Provided cores: 1 (use --cores to define parallelism)
Rules claiming more threads will be scaled down.
Job stats:
job                count
---------------  -------
filter_variants        1
total                  1

Select jobs to execute...

[Tue Aug 26 12:26:54 2025]
rule filter_variants:
    input: data/input/test_somatic.vcf
    output: results/01_filtered/filtered_variants.vcf
    jobid: 0
    reason: Missing output files: results/01_filtered/filtered_variants.vcf
    resources: tmpdir=/var/folders/50/nj2rry_50855w9hx83_4yd3h0000gn/T

[Tue Aug 26 12:26:54 2025]
Finished job 0.
1 of 1 steps (100%) done
Complete log: .snakemake/log/2025-08-26T122654.294897.snakemake.log
