Building DAG of jobs...
Using shell: /bin/bash
Provided cores: 1 (use --cores to define parallelism)
Rules claiming more threads will be scaled down.
Conda environments: ignored
Job stats:
job                 count
----------------  -------
extract_features        1
total                   1

Select jobs to execute...

[Tue Aug 26 12:38:49 2025]
rule extract_features:
    input: results/02_annotated/cosmic_annotated.vcf
    output: results/03_features/variant_features.csv
    jobid: 0
    reason: Missing output files: results/03_features/variant_features.csv
    resources: tmpdir=/var/folders/50/nj2rry_50855w9hx83_4yd3h0000gn/T

[Tue Aug 26 12:38:50 2025]
Finished job 0.
1 of 1 steps (100%) done
Complete log: .snakemake/log/2025-08-26T123849.455850.snakemake.log
