Building DAG of jobs...
Using shell: /bin/bash
Provided cores: 1 (use --cores to define parallelism)
Rules claiming more threads will be scaled down.
Conda environments: ignored
Job stats:
job                count
---------------  -------
annotate_cosmic        1
total                  1

Select jobs to execute...

[Tue Aug 26 12:37:05 2025]
rule annotate_cosmic:
    input: results/01_filtered/filtered_variants.vcf, data/databases/cosmic/census.csv
    output: results/02_annotated/cosmic_annotated.vcf
    jobid: 0
    reason: Missing output files: results/02_annotated/cosmic_annotated.vcf
    resources: tmpdir=/var/folders/50/nj2rry_50855w9hx83_4yd3h0000gn/T

[Tue Aug 26 12:37:05 2025]
Finished job 0.
1 of 1 steps (100%) done
Complete log: .snakemake/log/2025-08-26T123704.945944.snakemake.log
