Building DAG of jobs...
Using shell: /bin/bash
Provided cores: 1 (use --cores to define parallelism)
Rules claiming more threads will be scaled down.
Job stats:
job                count
---------------  -------
annotate_cosmic        1
total                  1

Select jobs to execute...

[Tue Aug 26 12:31:39 2025]
rule annotate_cosmic:
    input: results/01_filtered/filtered_variants.vcf, data/databases/cosmic/census.csv
    output: results/02_annotated/cosmic_annotated.vcf
    jobid: 0
    reason: Missing output files: results/02_annotated/cosmic_annotated.vcf
    resources: tmpdir=/var/folders/50/nj2rry_50855w9hx83_4yd3h0000gn/T

[Tue Aug 26 12:31:39 2025]
Error in rule annotate_cosmic:
    jobid: 0
    input: results/01_filtered/filtered_variants.vcf, data/databases/cosmic/census.csv
    output: results/02_annotated/cosmic_annotated.vcf

RuleException:
CalledProcessError in file /Users/janespercyjohnson/somatic-variant-ml-pipeline/Snakefile, line 75:
Command 'set -euo pipefail;  /Users/janespercyjohnson/miniforge3/envs/snakemake/bin/python3.9 /Users/janespercyjohnson/somatic-variant-ml-pipeline/.snakemake/scripts/tmpfd4omuxd.annotate_cosmic.py' returned non-zero exit status 1.
  File "/Users/janespercyjohnson/somatic-variant-ml-pipeline/Snakefile", line 75, in __rule_annotate_cosmic
  File "/Users/janespercyjohnson/miniforge3/envs/snakemake/lib/python3.9/concurrent/futures/thread.py", line 58, in run
Shutting down, this might take some time.
Exiting because a job execution failed. Look above for error message
Complete log: .snakemake/log/2025-08-26T123139.317473.snakemake.log
